<?xml version="1.0" encoding="utf-8"?><testsuites name="pytest tests"><testsuite name="pytest" errors="0" failures="0" skipped="0" tests="27" time="3.648" timestamp="2026-03-12T09:57:30.512188+00:00" hostname="agent-env-02c1b555-721b-4153-a70d-5f1119628094"><testcase classname="backend.tests.test_defense_dashboard.TestHealthAndDashboard" name="test_api_root" time="0.189" /><testcase classname="backend.tests.test_defense_dashboard.TestHealthAndDashboard" name="test_dashboard_stats" time="0.114" /><testcase classname="backend.tests.test_defense_dashboard.TestDefensePlayers" name="test_get_all_players" time="0.124" /><testcase classname="backend.tests.test_defense_dashboard.TestDefensePlayers" name="test_player_data_structure" time="0.126" /><testcase classname="backend.tests.test_defense_dashboard.TestDefensePlayers" name="test_player_filter_by_country" time="0.114" /><testcase classname="backend.tests.test_defense_dashboard.TestExpenditures" name="test_get_all_expenditures" time="0.109" /><testcase classname="backend.tests.test_defense_dashboard.TestExpenditures" name="test_expenditure_data_structure" time="0.142" /><testcase classname="backend.tests.test_defense_dashboard.TestExpenditures" name="test_expenditure_filter_by_year" time="0.130" /><testcase classname="backend.tests.test_defense_dashboard.TestExpenditures" name="test_expenditure_filter_by_region" time="0.096" /><testcase classname="backend.tests.test_defense_dashboard.TestProducts" name="test_get_all_products" time="0.119" /><testcase classname="backend.tests.test_defense_dashboard.TestProducts" name="test_product_data_structure" time="0.181" /><testcase classname="backend.tests.test_defense_dashboard.TestProducts" name="test_product_filter_by_category" time="0.100" /><testcase classname="backend.tests.test_defense_dashboard.TestProducts" name="test_product_filter_by_manufacturer" time="0.101" /><testcase classname="backend.tests.test_defense_dashboard.TestProducts" name="test_product_count_over_100" time="0.117" /><testcase classname="backend.tests.test_defense_dashboard.TestAnnouncements" name="test_get_all_announcements" time="0.099" /><testcase classname="backend.tests.test_defense_dashboard.TestAnnouncements" name="test_announcement_data_structure" time="0.108" /><testcase classname="backend.tests.test_defense_dashboard.TestAnnouncements" name="test_announcement_filter_by_category" time="0.100" /><testcase classname="backend.tests.test_defense_dashboard.TestAnnouncements" name="test_announcement_limit" time="0.127" /><testcase classname="backend.tests.test_defense_dashboard.TestMAActivities" name="test_get_all_ma_activities" time="0.123" /><testcase classname="backend.tests.test_defense_dashboard.TestMAActivities" name="test_ma_data_structure" time="0.116" /><testcase classname="backend.tests.test_defense_dashboard.TestMAActivities" name="test_ma_filter_by_status" time="0.115" /><testcase classname="backend.tests.test_defense_dashboard.TestRegulations" name="test_get_all_regulations" time="0.117" /><testcase classname="backend.tests.test_defense_dashboard.TestRegulations" name="test_regulation_data_structure" time="0.110" /><testcase classname="backend.tests.test_defense_dashboard.TestRegulations" name="test_regulation_filter_by_category" time="0.109" /><testcase classname="backend.tests.test_defense_dashboard.TestRegulations" name="test_regulation_filter_by_country" time="0.101" /><testcase classname="backend.tests.test_defense_dashboard.TestAuthentication" name="test_register_user" time="0.342" /><testcase classname="backend.tests.test_defense_dashboard.TestAuthentication" name="test_login_invalid_credentials" time="0.119" /></testsuite></testsuites>